0 silly argv { _: [ 'version' ], lernaVersion: '4.0.0', '$0': 'lerna' }
1 notice cli v4.0.0
2 verbose rootPath /Users/zhangjianhua/study/study/lerna-study
3 info current version 0.0.0
4 silly isAnythingCommitted
5 verbose isAnythingCommitted 1
6 silly getCurrentBranch
7 verbose currentBranch main
8 silly remoteBranchExists
9 silly isBehindUpstream
10 silly isBehindUpstream main is behind origin/main by 0 commit(s) and ahead by 1
11 silly hasTags
12 verbose hasTags true
13 silly git-describe.sync "01f9e77" => {"refCount":"2","sha":"01f9e77","isDirty":false}
14 info Assuming all packages changed
15 verbose updated packages-1
16 verbose updated packages-2
17 verbose git-describe undefined => "01f9e77"
18 silly git-describe parsed => {"refCount":"2","sha":"01f9e77","isDirty":false}
19 info execute Skipping releases
20 silly lifecycle No script for "preversion" in "root", continuing
21 silly lifecycle No script for "preversion" in "packages-1", continuing
22 silly lifecycle No script for "preversion" in "packages-2", continuing
23 silly lifecycle No script for "version" in "packages-1", continuing
24 silly lifecycle No script for "version" in "packages-2", continuing
25 silly lifecycle No script for "version" in "root", continuing
26 silly gitAdd [
26 silly gitAdd   'packages/packages-1/package.json',
26 silly gitAdd   'packages/packages-2/package.json',
26 silly gitAdd   'lerna.json'
26 silly gitAdd ]
27 silly gitCommit v0.0.1
28 verbose git [ 'commit', '-m', 'v0.0.1' ]
29 silly gitTag v0.0.1
30 verbose git [ 'tag', 'v0.0.1', '-m', 'v0.0.1' ]
31 error Error: Command failed with exit code 128: git tag v0.0.1 -m v0.0.1
31 error fatal: tag 'v0.0.1' already exists
31 error     at makeError (/Users/zhangjianhua/study/study/lerna-study/node_modules/execa/lib/error.js:60:11)
31 error     at handlePromise (/Users/zhangjianhua/study/study/lerna-study/node_modules/execa/index.js:118:26)
31 error     at processTicksAndRejections (internal/process/task_queues.js:95:5)
31 error     at async Promise.all (index 0)
